<?xml version="1.0" encoding="UTF-8"?>
<!-- Generated by org.testng.reporters.JUnitReportReporter -->
<testsuite hostname="DESKTOP-EPRBN7V" failures="0" tests="1" name="SeleniumTest" time="2.900" errors="0" timestamp="2022-02-26T04:13:43 SGT" skipped="0">
  <testcase classname="SeleniumTest" name="checkTitle" time="2.900"/>
</testsuite> <!-- SeleniumTest -->
