<?xml version="1.0" encoding="UTF-8"?>
<!-- Generated by org.testng.reporters.JUnitReportReporter -->
<testsuite hostname="DESKTOP-EPRBN7V" failures="0" tests="1" name="SeleniumTest" time="1.634" errors="0" timestamp="2022-02-26T04:26:54 SGT" skipped="0">
  <testcase classname="SeleniumTest" name="checkTitle" time="1.634"/>
</testsuite> <!-- SeleniumTest -->
