<?xml version="1.0" encoding="UTF-8"?>
<!-- Generated by org.testng.reporters.JUnitReportReporter -->
<testsuite hostname="DESKTOP-EPRBN7V" failures="0" tests="4" name="SeleniumTest" time="3.036" errors="0" timestamp="2022-02-26T16:51:54 SGT" skipped="0">
  <testcase classname="SeleniumTest" name="checkEditTitle" time="0.200"/>
  <testcase classname="SeleniumTest" name="checkDashboardTitle" time="1.587"/>
  <testcase classname="SeleniumTest" name="checkCreateTitle" time="1.221"/>
  <testcase classname="SeleniumTest" name="checkUrl" time="0.028"/>
</testsuite> <!-- SeleniumTest -->
