<?xml version="1.0" encoding="UTF-8"?>
<!-- Generated by org.testng.reporters.JUnitReportReporter -->
<testsuite hostname="DESKTOP-EPRBN7V" failures="0" tests="4" name="SeleniumTest" time="3.567" errors="0" timestamp="2022-02-26T19:55:22 SGT" skipped="0">
  <testcase classname="SeleniumTest" name="checkUrl" time="0.028"/>
  <testcase classname="SeleniumTest" name="checkCreateTitle" time="1.578"/>
  <testcase classname="SeleniumTest" name="checkDashboardTitle" time="1.627"/>
  <testcase classname="SeleniumTest" name="checkEditTitle" time="0.334"/>
</testsuite> <!-- SeleniumTest -->
